#
# A fatal error has been detected by the Java Runtime Environment:
#
#  EXCEPTION_ACCESS_VIOLATION (0xc0000005) at pc=0x000000000853fdcc, pid=1512, tid=2260
#
# JRE version: 7.0_02-b13
# Java VM: Java HotSpot(TM) 64-Bit Server VM (22.0-b10 mixed mode windows-amd64 compressed oops)
# Problematic frame:
# C  [nvcuda.dll+0xffdcc]
#
# Failed to write core dump. Minidumps are not enabled by default on client versions of Windows
#
# If you would like to submit a bug report, please visit:
#   http://bugreport.sun.com/bugreport/crash.jsp
# The crash happened outside the Java Virtual Machine in native code.
# See problematic frame for where to report the bug.
#

---------------  T H R E A D  ---------------

Current thread (0x00000000022ab000):  JavaThread "main" [_thread_in_native, id=2260, stack(0x0000000002580000,0x0000000002680000)]

siginfo: ExceptionCode=0xc0000005, reading address 0x0000000000000008

Registers:
RAX=0x000000000a654250, RBX=0x000000000a65f300, RCX=0x000000000a53d9f0, RDX=0x0000000000000000
RSP=0x000000000267eb80, RBP=0x0000000000000000, RSI=0x0000000000000000, RDI=0x0000000000000000
R8 =0x0000000000000000, R9 =0x0000000000000000, R10=0x0000000077487c50, R11=0x0000000000000000
R12=0x0000000000000000, R13=0x0000000000000000, R14=0x0000000008ccafd0, R15=0x0000000008d1fdc0
RIP=0x000000000853fdcc, EFLAGS=0x0000000000010293

Top of Stack: (sp=0x000000000267eb80)
0x000000000267eb80:   0000000008440000 0000000000000000
0x000000000267eb90:   000000000a65f300 00000000000013e8
0x000000000267eba0:   0000000008cc1f88 00000000773a3488
0x000000000267ebb0:   000000000a53da60 00000000000013e8
0x000000000267ebc0:   0000000105060015 0000000008cd0470
0x000000000267ebd0:   0000000008cc02d8 0000000008cd0080
0x000000000267ebe0:   0000000000000000 0000000008cd0270
0x000000000267ebf0:   0000000008cd04a0 0000000008cd0470
0x000000000267ec00:   000000000a657ef0 0000000000000090
0x000000000267ec10:   0000000008cc0318 00000000773a3488
0x000000000267ec20:   0000000077465410 0000000000000000
0x000000000267ec30:   0000000000000010 0000000008cc0000
0x000000000267ec40:   0000000008d1fe48 0000000000000000
0x000000000267ec50:   000000000a65f300 0000000000000001
0x000000000267ec60:   000000000a64acb0 0000000000000058
0x000000000267ec70:   0000000077487c50 0000000000000000 

Instructions: (pc=0x000000000853fdcc)
0x000000000853fdac:   90 0f ff ff 85 c0 8b f8 74 38 45 33 e4 e9 bb fa
0x000000000853fdbc:   ff ff 48 8b 83 c8 00 00 00 48 8b 0c 06 48 8b 11
0x000000000853fdcc:   8b 42 08 83 f8 08 74 05 83 f8 0a 75 15 48 8b 4b
0x000000000853fddc:   40 41 b8 01 00 00 00 e8 58 0f ff ff 85 c0 8b f8 


Register to memory mapping:

RAX=0x000000000a654250 is an unknown value
RBX=0x000000000a65f300 is an unknown value
RCX=0x000000000a53d9f0 is an unknown value
RDX=0x0000000000000000 is an unknown value
RSP=0x000000000267eb80 is pointing into the stack for thread: 0x00000000022ab000
RBP=0x0000000000000000 is an unknown value
RSI=0x0000000000000000 is an unknown value
RDI=0x0000000000000000 is an unknown value
R8 =0x0000000000000000 is an unknown value
R9 =0x0000000000000000 is an unknown value
R10=0x0000000077487c50 is an unknown value
R11=0x0000000000000000 is an unknown value
R12=0x0000000000000000 is an unknown value
R13=0x0000000000000000 is an unknown value
R14=0x0000000008ccafd0 is an unknown value
R15=0x0000000008d1fdc0 is an unknown value


Stack: [0x0000000002580000,0x0000000002680000],  sp=0x000000000267eb80,  free space=1018k
Native frames: (J=compiled Java code, j=interpreted, Vv=VM code, C=native code)
C  [nvcuda.dll+0xffdcc]  clGetExtensionFunctionAddress+0x293c

[error occurred during error reporting (printing native stack), id 0xc0000005]

Java frames: (J=compiled Java code, j=interpreted, Vv=VM code)
j  org.jocl.CL.clEnqueueNDRangeKernelNative(Lorg/jocl/cl_command_queue;Lorg/jocl/cl_kernel;I[J[J[JI[Lorg/jocl/cl_event;Lorg/jocl/cl_event;)I+0
j  org.jocl.CL.clEnqueueNDRangeKernel(Lorg/jocl/cl_command_queue;Lorg/jocl/cl_kernel;I[J[J[JI[Lorg/jocl/cl_event;Lorg/jocl/cl_event;)I+14
j  Clique.gpu.run_it(LClique/node2;)V+191
j  Clique.gpu.main([Ljava/lang/String;)V+529
v  ~StubRoutines::call_stub

---------------  P R O C E S S  ---------------

Java Threads: ( => current thread )
  0x0000000006983800 JavaThread "Service Thread" daemon [_thread_blocked, id=1128, stack(0x0000000007d40000,0x0000000007e40000)]
  0x0000000006982000 JavaThread "C2 CompilerThread1" daemon [_thread_blocked, id=4720, stack(0x0000000007c40000,0x0000000007d40000)]
  0x000000000697d000 JavaThread "C2 CompilerThread0" daemon [_thread_blocked, id=2132, stack(0x0000000007960000,0x0000000007a60000)]
  0x000000000697c000 JavaThread "Attach Listener" daemon [_thread_blocked, id=4908, stack(0x00000000077f0000,0x00000000078f0000)]
  0x000000000697b000 JavaThread "Signal Dispatcher" daemon [_thread_blocked, id=5088, stack(0x00000000071c0000,0x00000000072c0000)]
  0x00000000068f4000 JavaThread "Finalizer" daemon [_thread_blocked, id=4848, stack(0x0000000007610000,0x0000000007710000)]
  0x00000000068e7800 JavaThread "Reference Handler" daemon [_thread_blocked, id=3968, stack(0x0000000007430000,0x0000000007530000)]
=>0x00000000022ab000 JavaThread "main" [_thread_in_native, id=2260, stack(0x0000000002580000,0x0000000002680000)]

Other Threads:
  0x00000000068e2000 VMThread [stack: 0x00000000072c0000,0x00000000073c0000] [id=3592]
  0x000000000699e000 WatcherThread [stack: 0x0000000007f40000,0x0000000008040000] [id=564]

VM state:not at safepoint (normal execution)

VM Mutex/Monitor currently owned by a thread: None

Heap
 PSYoungGen      total 38208K, used 1316K [0x00000007d5600000, 0x00000007d80a0000, 0x0000000800000000)
  eden space 32768K, 4% used [0x00000007d5600000,0x00000007d5749348,0x00000007d7600000)
  from space 5440K, 0% used [0x00000007d7b50000,0x00000007d7b50000,0x00000007d80a0000)
  to   space 5440K, 0% used [0x00000007d7600000,0x00000007d7600000,0x00000007d7b50000)
 PSOldGen        total 87296K, used 0K [0x0000000780200000, 0x0000000785740000, 0x00000007d5600000)
  object space 87296K, 0% used [0x0000000780200000,0x0000000780200000,0x0000000785740000)
 PSPermGen       total 21248K, used 2996K [0x000000077b000000, 0x000000077c4c0000, 0x0000000780200000)
  object space 21248K, 14% used [0x000000077b000000,0x000000077b2ed210,0x000000077c4c0000)

Code Cache  [0x0000000002680000, 0x00000000028f0000, 0x0000000005680000)
 total_blobs=214 nmethods=1 adapters=166 free_code_cache=48751Kb largest_free_block=49907072

Dynamic libraries:
0x000000013fb10000 - 0x000000013fb43000 	C:\Program Files\Java\jre7\bin\javaw.exe
0x0000000077350000 - 0x00000000774f9000 	C:\Windows\SYSTEM32\ntdll.dll
0x0000000077020000 - 0x000000007713f000 	C:\Windows\system32\kernel32.dll
0x000007fefdab0000 - 0x000007fefdb1c000 	C:\Windows\system32\KERNELBASE.dll
0x000007fefdfd0000 - 0x000007fefe0ab000 	C:\Windows\system32\ADVAPI32.dll
0x000007fefdf30000 - 0x000007fefdfcf000 	C:\Windows\system32\msvcrt.dll
0x000007fefe5e0000 - 0x000007fefe5ff000 	C:\Windows\SYSTEM32\sechost.dll
0x000007fefdd90000 - 0x000007fefdebd000 	C:\Windows\system32\RPCRT4.dll
0x0000000076f20000 - 0x000000007701a000 	C:\Windows\system32\USER32.dll
0x000007fefdec0000 - 0x000007fefdf27000 	C:\Windows\system32\GDI32.dll
0x000007fefe290000 - 0x000007fefe29e000 	C:\Windows\system32\LPK.dll
0x000007feff590000 - 0x000007feff659000 	C:\Windows\system32\USP10.dll
0x000007fefc1f0000 - 0x000007fefc3e4000 	C:\Windows\WinSxS\amd64_microsoft.windows.common-controls_6595b64144ccf1df_6.0.7601.17514_none_fa396087175ac9ac\COMCTL32.dll
0x000007fefe6e0000 - 0x000007fefe751000 	C:\Windows\system32\SHLWAPI.dll
0x000007fefe560000 - 0x000007fefe58e000 	C:\Windows\system32\IMM32.DLL
0x000007fefe350000 - 0x000007fefe459000 	C:\Windows\system32\MSCTF.dll
0x0000000072010000 - 0x00000000720e1000 	C:\Program Files\Java\jre7\bin\msvcr100.dll
0x00000000702a0000 - 0x000000007097a000 	C:\Program Files\Java\jre7\bin\server\jvm.dll
0x000007fef1550000 - 0x000007fef1559000 	C:\Windows\system32\WSOCK32.dll
0x000007fefe590000 - 0x000007fefe5dd000 	C:\Windows\system32\WS2_32.dll
0x000007fefe340000 - 0x000007fefe348000 	C:\Windows\system32\NSI.dll
0x000007fefa890000 - 0x000007fefa8cb000 	C:\Windows\system32\WINMM.dll
0x0000000077510000 - 0x0000000077517000 	C:\Windows\system32\PSAPI.DLL
0x00000000729d0000 - 0x00000000729df000 	C:\Program Files\Java\jre7\bin\verify.dll
0x0000000071fa0000 - 0x0000000071fc8000 	C:\Program Files\Java\jre7\bin\java.dll
0x0000000072570000 - 0x0000000072585000 	C:\Program Files\Java\jre7\bin\zip.dll
0x000007fef4f10000 - 0x000007fef4f5a000 	C:\Users\John\AppData\Local\Temp\JOCL_0_1_7-windows-x86_64.dll
0x0000000180000000 - 0x0000000180014000 	C:\Windows\system32\OpenCL.dll
0x0000000008440000 - 0x0000000008bc1000 	C:\Windows\system32\nvcuda.dll
0x000007fefe0b0000 - 0x000007fefe287000 	C:\Windows\system32\SETUPAPI.dll
0x000007fefdb20000 - 0x000007fefdb56000 	C:\Windows\system32\CFGMGR32.dll
0x000007fefe600000 - 0x000007fefe6d7000 	C:\Windows\system32\OLEAUT32.dll
0x000007fefdb80000 - 0x000007fefdd83000 	C:\Windows\system32\ole32.dll
0x000007fefdb60000 - 0x000007fefdb7a000 	C:\Windows\system32\DEVOBJ.dll
0x000007fefe800000 - 0x000007feff588000 	C:\Windows\system32\SHELL32.dll
0x000007fefa250000 - 0x000007fefa522000 	C:\Windows\system32\nvapi64.dll
0x000007fefcc20000 - 0x000007fefcc2c000 	C:\Windows\system32\VERSION.dll
0x000007fefd860000 - 0x000007fefd89a000 	C:\Windows\system32\WINTRUST.dll
0x000007fefd940000 - 0x000007fefdaa7000 	C:\Windows\system32\CRYPT32.dll
0x000007fefd850000 - 0x000007fefd85f000 	C:\Windows\system32\MSASN1.dll
0x000007fef9550000 - 0x000007fef9675000 	C:\Windows\system32\dbghelp.dll

VM Arguments:
jvm_args: -Dfile.encoding=Cp1252 
java_command: Clique.gpu
Launcher Type: SUN_STANDARD

Environment Variables:
PATH=D:\Program Files\NVIDIA GPU Computing Toolkit\CUDA\v4.0\bin\;C:\Program Files (x86)\NVIDIA Corporation\PhysX\Common;C:\Windows\system32;C:\Windows;C:\Windows\System32\Wbem;C:\Windows\System32\WindowsPowerShell\v1.0\;D:\Program Files\NVIDIA Corporation\NVIDIA GPU Computing SDK 4.0\C\common\bin
USERNAME=John
OS=Windows_NT
PROCESSOR_IDENTIFIER=AMD64 Family 16 Model 10 Stepping 0, AuthenticAMD



---------------  S Y S T E M  ---------------

OS: Windows 7 , 64 bit Build 7601 Service Pack 1

CPU:total 6 (6 cores per cpu, 1 threads per core) family 16 model 10 stepping 0, cmov, cx8, fxsr, mmx, sse, sse2, sse3, popcnt, mmxext, 3dnowpref, lzcnt, sse4a

Memory: 4k page, physical 8380168k(6349868k free), swap 16758488k(14460152k free)

vm_info: Java HotSpot(TM) 64-Bit Server VM (22.0-b10) for windows-amd64 JRE (1.7.0_02-b13), built on Nov 17 2011 13:51:15 by "java_re" with unknown MS VC++:1600

time: Wed Jan 11 21:05:11 2012
elapsed time: 0 seconds

