#
# A fatal error has been detected by the Java Runtime Environment:
#
#  EXCEPTION_ACCESS_VIOLATION (0xc0000005) at pc=0x00000000081efdcc, pid=4176, tid=4496
#
# JRE version: 7.0_02-b13
# Java VM: Java HotSpot(TM) 64-Bit Server VM (22.0-b10 mixed mode windows-amd64 compressed oops)
# Problematic frame:
# C  [nvcuda.dll+0xffdcc]
#
# Failed to write core dump. Minidumps are not enabled by default on client versions of Windows
#
# If you would like to submit a bug report, please visit:
#   http://bugreport.sun.com/bugreport/crash.jsp
# The crash happened outside the Java Virtual Machine in native code.
# See problematic frame for where to report the bug.
#

---------------  T H R E A D  ---------------

Current thread (0x000000000026b000):  JavaThread "main" [_thread_in_native, id=4496, stack(0x00000000023f0000,0x00000000024f0000)]

siginfo: ExceptionCode=0xc0000005, reading address 0x0000000000000008

Registers:
RAX=0x000000000a154250, RBX=0x000000000a15d4d0, RCX=0x000000000a03d9f0, RDX=0x0000000000000000
RSP=0x00000000024ef080, RBP=0x0000000000000000, RSI=0x0000000000000000, RDI=0x0000000000000000
R8 =0x0000000000000000, R9 =0x0000000000000000, R10=0x0000000077487c50, R11=0x0000000000000000
R12=0x0000000000000000, R13=0x0000000000000000, R14=0x000000000624afd0, R15=0x00000000088cfdc0
RIP=0x00000000081efdcc, EFLAGS=0x0000000000010293

Top of Stack: (sp=0x00000000024ef080)
0x00000000024ef080:   00000000080f0000 0000000000000000
0x00000000024ef090:   000000000a15d4d0 00000000000013e8
0x00000000024ef0a0:   0000000006241f88 00000000773a3488
0x00000000024ef0b0:   000000000a03da60 00000000000013e8
0x00000000024ef0c0:   0000000105060015 0000000008880470
0x00000000024ef0d0:   00000000062402d8 0000000008880080
0x00000000024ef0e0:   0000000000000000 0000000008880270
0x00000000024ef0f0:   00000000088804a0 0000000008880470
0x00000000024ef100:   000000000a157ef0 0000000000000090
0x00000000024ef110:   0000000006240318 00000000773a3488
0x00000000024ef120:   0000000077465410 0000000000000000
0x00000000024ef130:   0000000000000010 0000000006240000
0x00000000024ef140:   00000000088cfe48 0000000000000000
0x00000000024ef150:   000000000a15d4d0 0000000000000001
0x00000000024ef160:   000000000a0403f0 0000000000000058
0x00000000024ef170:   0000000077487c50 0000000000000000 

Instructions: (pc=0x00000000081efdcc)
0x00000000081efdac:   90 0f ff ff 85 c0 8b f8 74 38 45 33 e4 e9 bb fa
0x00000000081efdbc:   ff ff 48 8b 83 c8 00 00 00 48 8b 0c 06 48 8b 11
0x00000000081efdcc:   8b 42 08 83 f8 08 74 05 83 f8 0a 75 15 48 8b 4b
0x00000000081efddc:   40 41 b8 01 00 00 00 e8 58 0f ff ff 85 c0 8b f8 


Register to memory mapping:

RAX=0x000000000a154250 is an unknown value
RBX=0x000000000a15d4d0 is an unknown value
RCX=0x000000000a03d9f0 is an unknown value
RDX=0x0000000000000000 is an unknown value
RSP=0x00000000024ef080 is pointing into the stack for thread: 0x000000000026b000
RBP=0x0000000000000000 is an unknown value
RSI=0x0000000000000000 is an unknown value
RDI=0x0000000000000000 is an unknown value
R8 =0x0000000000000000 is an unknown value
R9 =0x0000000000000000 is an unknown value
R10=0x0000000077487c50 is an unknown value
R11=0x0000000000000000 is an unknown value
R12=0x0000000000000000 is an unknown value
R13=0x0000000000000000 is an unknown value
R14=0x000000000624afd0 is an unknown value
R15=0x00000000088cfdc0 is an unknown value


Stack: [0x00000000023f0000,0x00000000024f0000],  sp=0x00000000024ef080,  free space=1020k
Native frames: (J=compiled Java code, j=interpreted, Vv=VM code, C=native code)
C  [nvcuda.dll+0xffdcc]  clGetExtensionFunctionAddress+0x293c

[error occurred during error reporting (printing native stack), id 0xc0000005]

Java frames: (J=compiled Java code, j=interpreted, Vv=VM code)
j  org.jocl.CL.clEnqueueNDRangeKernelNative(Lorg/jocl/cl_command_queue;Lorg/jocl/cl_kernel;I[J[J[JI[Lorg/jocl/cl_event;Lorg/jocl/cl_event;)I+0
j  org.jocl.CL.clEnqueueNDRangeKernel(Lorg/jocl/cl_command_queue;Lorg/jocl/cl_kernel;I[J[J[JI[Lorg/jocl/cl_event;Lorg/jocl/cl_event;)I+14
j  Clique.gpu.run_it(LClique/node2;)V+191
j  Clique.gpu.main([Ljava/lang/String;)V+529
v  ~StubRoutines::call_stub

---------------  P R O C E S S  ---------------

Java Threads: ( => current thread )
  0x0000000006761800 JavaThread "Service Thread" daemon [_thread_blocked, id=4100, stack(0x00000000079d0000,0x0000000007ad0000)]
  0x000000000675f800 JavaThread "C2 CompilerThread1" daemon [_thread_blocked, id=4588, stack(0x0000000007860000,0x0000000007960000)]
  0x000000000675b000 JavaThread "C2 CompilerThread0" daemon [_thread_blocked, id=3164, stack(0x00000000076c0000,0x00000000077c0000)]
  0x0000000006759800 JavaThread "Attach Listener" daemon [_thread_blocked, id=5072, stack(0x00000000075a0000,0x00000000076a0000)]
  0x0000000006758800 JavaThread "Signal Dispatcher" daemon [_thread_blocked, id=1756, stack(0x0000000007130000,0x0000000007230000)]
  0x00000000066d1000 JavaThread "Finalizer" daemon [_thread_blocked, id=4652, stack(0x0000000007300000,0x0000000007400000)]
  0x00000000066c4800 JavaThread "Reference Handler" daemon [_thread_blocked, id=1984, stack(0x0000000007010000,0x0000000007110000)]
=>0x000000000026b000 JavaThread "main" [_thread_in_native, id=4496, stack(0x00000000023f0000,0x00000000024f0000)]

Other Threads:
  0x00000000066bf000 VMThread [stack: 0x0000000006e30000,0x0000000006f30000] [id=4276]
  0x0000000006774800 WatcherThread [stack: 0x0000000007bf0000,0x0000000007cf0000] [id=4824]

VM state:not at safepoint (normal execution)

VM Mutex/Monitor currently owned by a thread: None

Heap
 PSYoungGen      total 38208K, used 1316K [0x00000007d5600000, 0x00000007d80a0000, 0x0000000800000000)
  eden space 32768K, 4% used [0x00000007d5600000,0x00000007d5749348,0x00000007d7600000)
  from space 5440K, 0% used [0x00000007d7b50000,0x00000007d7b50000,0x00000007d80a0000)
  to   space 5440K, 0% used [0x00000007d7600000,0x00000007d7600000,0x00000007d7b50000)
 PSOldGen        total 87296K, used 0K [0x0000000780200000, 0x0000000785740000, 0x00000007d5600000)
  object space 87296K, 0% used [0x0000000780200000,0x0000000780200000,0x0000000785740000)
 PSPermGen       total 21248K, used 2996K [0x000000077b000000, 0x000000077c4c0000, 0x0000000780200000)
  object space 21248K, 14% used [0x000000077b000000,0x000000077b2ed1f8,0x000000077c4c0000)

Code Cache  [0x00000000024f0000, 0x0000000002760000, 0x00000000054f0000)
 total_blobs=214 nmethods=1 adapters=166 free_code_cache=48751Kb largest_free_block=49907072

Dynamic libraries:
0x000000013fb10000 - 0x000000013fb43000 	C:\Program Files\Java\jre7\bin\javaw.exe
0x0000000077350000 - 0x00000000774f9000 	C:\Windows\SYSTEM32\ntdll.dll
0x0000000077020000 - 0x000000007713f000 	C:\Windows\system32\kernel32.dll
0x000007fefdab0000 - 0x000007fefdb1c000 	C:\Windows\system32\KERNELBASE.dll
0x000007fefdfd0000 - 0x000007fefe0ab000 	C:\Windows\system32\ADVAPI32.dll
0x000007fefdf30000 - 0x000007fefdfcf000 	C:\Windows\system32\msvcrt.dll
0x000007fefe5e0000 - 0x000007fefe5ff000 	C:\Windows\SYSTEM32\sechost.dll
0x000007fefdd90000 - 0x000007fefdebd000 	C:\Windows\system32\RPCRT4.dll
0x0000000076f20000 - 0x000000007701a000 	C:\Windows\system32\USER32.dll
0x000007fefdec0000 - 0x000007fefdf27000 	C:\Windows\system32\GDI32.dll
0x000007fefe290000 - 0x000007fefe29e000 	C:\Windows\system32\LPK.dll
0x000007feff590000 - 0x000007feff659000 	C:\Windows\system32\USP10.dll
0x000007fefc1f0000 - 0x000007fefc3e4000 	C:\Windows\WinSxS\amd64_microsoft.windows.common-controls_6595b64144ccf1df_6.0.7601.17514_none_fa396087175ac9ac\COMCTL32.dll
0x000007fefe6e0000 - 0x000007fefe751000 	C:\Windows\system32\SHLWAPI.dll
0x000007fefe560000 - 0x000007fefe58e000 	C:\Windows\system32\IMM32.DLL
0x000007fefe350000 - 0x000007fefe459000 	C:\Windows\system32\MSCTF.dll
0x0000000072010000 - 0x00000000720e1000 	C:\Program Files\Java\jre7\bin\msvcr100.dll
0x00000000702a0000 - 0x000000007097a000 	C:\Program Files\Java\jre7\bin\server\jvm.dll
0x000007fef1550000 - 0x000007fef1559000 	C:\Windows\system32\WSOCK32.dll
0x000007fefe590000 - 0x000007fefe5dd000 	C:\Windows\system32\WS2_32.dll
0x000007fefe340000 - 0x000007fefe348000 	C:\Windows\system32\NSI.dll
0x000007fefa890000 - 0x000007fefa8cb000 	C:\Windows\system32\WINMM.dll
0x0000000077510000 - 0x0000000077517000 	C:\Windows\system32\PSAPI.DLL
0x00000000729d0000 - 0x00000000729df000 	C:\Program Files\Java\jre7\bin\verify.dll
0x0000000071fa0000 - 0x0000000071fc8000 	C:\Program Files\Java\jre7\bin\java.dll
0x0000000072570000 - 0x0000000072585000 	C:\Program Files\Java\jre7\bin\zip.dll
0x000007fef4f10000 - 0x000007fef4f5a000 	C:\Users\John\AppData\Local\Temp\JOCL_0_1_7-windows-x86_64.dll
0x0000000180000000 - 0x0000000180014000 	C:\Windows\system32\OpenCL.dll
0x00000000080f0000 - 0x0000000008871000 	C:\Windows\system32\nvcuda.dll
0x000007fefe0b0000 - 0x000007fefe287000 	C:\Windows\system32\SETUPAPI.dll
0x000007fefdb20000 - 0x000007fefdb56000 	C:\Windows\system32\CFGMGR32.dll
0x000007fefe600000 - 0x000007fefe6d7000 	C:\Windows\system32\OLEAUT32.dll
0x000007fefdb80000 - 0x000007fefdd83000 	C:\Windows\system32\ole32.dll
0x000007fefdb60000 - 0x000007fefdb7a000 	C:\Windows\system32\DEVOBJ.dll
0x000007fefe800000 - 0x000007feff588000 	C:\Windows\system32\SHELL32.dll
0x000007fefa250000 - 0x000007fefa522000 	C:\Windows\system32\nvapi64.dll
0x000007fefcc20000 - 0x000007fefcc2c000 	C:\Windows\system32\VERSION.dll
0x000007fefd860000 - 0x000007fefd89a000 	C:\Windows\system32\WINTRUST.dll
0x000007fefd940000 - 0x000007fefdaa7000 	C:\Windows\system32\CRYPT32.dll
0x000007fefd850000 - 0x000007fefd85f000 	C:\Windows\system32\MSASN1.dll
0x000007fef9550000 - 0x000007fef9675000 	C:\Windows\system32\dbghelp.dll

VM Arguments:
jvm_args: -Dfile.encoding=Cp1252 
java_command: Clique.gpu
Launcher Type: SUN_STANDARD

Environment Variables:
PATH=D:\Program Files\NVIDIA GPU Computing Toolkit\CUDA\v4.0\bin\;C:\Program Files (x86)\NVIDIA Corporation\PhysX\Common;C:\Windows\system32;C:\Windows;C:\Windows\System32\Wbem;C:\Windows\System32\WindowsPowerShell\v1.0\;D:\Program Files\NVIDIA Corporation\NVIDIA GPU Computing SDK 4.0\C\common\bin
USERNAME=John
OS=Windows_NT
PROCESSOR_IDENTIFIER=AMD64 Family 16 Model 10 Stepping 0, AuthenticAMD



---------------  S Y S T E M  ---------------

OS: Windows 7 , 64 bit Build 7601 Service Pack 1

CPU:total 6 (6 cores per cpu, 1 threads per core) family 16 model 10 stepping 0, cmov, cx8, fxsr, mmx, sse, sse2, sse3, popcnt, mmxext, 3dnowpref, lzcnt, sse4a

Memory: 4k page, physical 8380168k(6348060k free), swap 16758488k(14457520k free)

vm_info: Java HotSpot(TM) 64-Bit Server VM (22.0-b10) for windows-amd64 JRE (1.7.0_02-b13), built on Nov 17 2011 13:51:15 by "java_re" with unknown MS VC++:1600

time: Wed Jan 11 21:05:18 2012
elapsed time: 0 seconds

