#
# A fatal error has been detected by the Java Runtime Environment:
#
#  EXCEPTION_INT_DIVIDE_BY_ZERO (0xc0000094) at pc=0x000000000814abc7, pid=3348, tid=3432
#
# JRE version: 7.0_02-b13
# Java VM: Java HotSpot(TM) 64-Bit Server VM (22.0-b10 mixed mode windows-amd64 compressed oops)
# Problematic frame:
# C  [nvcuda.dll+0xfabc7]
#
# Failed to write core dump. Minidumps are not enabled by default on client versions of Windows
#
# If you would like to submit a bug report, please visit:
#   http://bugreport.sun.com/bugreport/crash.jsp
# The crash happened outside the Java Virtual Machine in native code.
# See problematic frame for where to report the bug.
#

---------------  T H R E A D  ---------------

Current thread (0x000000000227b000):  JavaThread "main" [_thread_in_native, id=3432, stack(0x0000000002550000,0x0000000002650000)]

siginfo: ExceptionCode=0xc0000094

Registers:
RAX=0x0000000000000000, RBX=0x0000000000000001, RCX=0x0000000000000000, RDX=0x0000000000000000
RSP=0x0000000002642c90, RBP=0xfffffffffff04b98, RSI=0x000000000a0711d0, RDI=0xfffffffffff04ba8
R8 =0x0000000000000000, R9 =0x0000000000000000, R10=0x000000000882f530, R11=0x0000000002642c60
R12=0x000000000a122130, R13=0x0000000000000001, R14=0x0000000000000001, R15=0x000000000882fd40
RIP=0x000000000814abc7, EFLAGS=0x0000000000010246

Top of Stack: (sp=0x0000000002642c90)
0x0000000002642c90:   000000000227be90 0000000000000001
0x0000000002642ca0:   0000000002547880 0000000000000000
0x0000000002642cb0:   0000000000000000 00000000702e8782
0x0000000002642cc0:   0000000000000000 0000000000000000
0x0000000002642cd0:   0000000000000000 0000000000000001
0x0000000002642ce0:   0000000000000001 0000000000000000
0x0000000002642cf0:   0000000000000001 0000000000000001
0x0000000002642d00:   18c8ea71ffffffff 00000000023fafd0
0x0000000002642d10:   0000000000000000 0000000000000400
0x0000000002642d20:   0000000000000000 0000000000000000
0x0000000002642d30:   0000000000000000 000000000814a907
0x0000000002642d40:   0000000000000000 0000000002547890
0x0000000002642d50:   0000000002547880 0000000000000000
0x0000000002642d60:   000000000a197df0 000000000814afb9
0x0000000002642d70:   000000000a197df0 000000000227b1d0
0x0000000002642d80:   0000000000000000 0000000000000000 

Instructions: (pc=0x000000000814abc7)
0x000000000814aba7:   44 24 58 48 2b e8 45 33 c0 4a 8d 44 04 58 33 d2
0x000000000814abb7:   48 8b 0c 38 48 89 08 48 8b 04 28 4a 89 44 04 40
0x000000000814abc7:   48 f7 f1 48 85 d2 75 64 41 83 c1 01 49 83 c0 08
0x000000000814abd7:   44 3b cb 72 d4 4c 8b 6c 24 50 4c 8b 74 24 48 41 


Register to memory mapping:

RAX=0x0000000000000000 is an unknown value
RBX=0x0000000000000001 is an unknown value
RCX=0x0000000000000000 is an unknown value
RDX=0x0000000000000000 is an unknown value
RSP=0x0000000002642c90 is pointing into the stack for thread: 0x000000000227b000
RBP=0xfffffffffff04b98 is an unknown value
RSI=0x000000000a0711d0 is an unknown value
RDI=0xfffffffffff04ba8 is an unknown value
R8 =0x0000000000000000 is an unknown value
R9 =0x0000000000000000 is an unknown value
R10=0x000000000882f530 is an unknown value
R11=0x0000000002642c60 is pointing into the stack for thread: 0x000000000227b000
R12=0x000000000a122130 is an unknown value
R13=0x0000000000000001 is an unknown value
R14=0x0000000000000001 is an unknown value
R15=0x000000000882fd40 is an unknown value


Stack: [0x0000000002550000,0x0000000002650000],  sp=0x0000000002642c90,  free space=971k
Native frames: (J=compiled Java code, j=interpreted, Vv=VM code, C=native code)
C  [nvcuda.dll+0xfabc7]  clGetPlatformInfo+0xe487

[error occurred during error reporting (printing native stack), id 0xc0000005]

Java frames: (J=compiled Java code, j=interpreted, Vv=VM code)
j  org.jocl.CL.clEnqueueNDRangeKernelNative(Lorg/jocl/cl_command_queue;Lorg/jocl/cl_kernel;I[J[J[JI[Lorg/jocl/cl_event;Lorg/jocl/cl_event;)I+0
j  org.jocl.CL.clEnqueueNDRangeKernel(Lorg/jocl/cl_command_queue;Lorg/jocl/cl_kernel;I[J[J[JI[Lorg/jocl/cl_event;Lorg/jocl/cl_event;)I+14
j  Clique.gpu.run_it(LClique/node2;)V+73
j  Clique.graph.New_Bochert(LClique/node2;ILClique/node2;LClique/node2;LClique/node2;Z)LClique/node2;+2815
j  Clique.graph.New_Bochert(LClique/node2;ILClique/node2;LClique/node2;LClique/node2;Z)LClique/node2;+4430
j  Clique.graph.New_Bochert(LClique/node2;ILClique/node2;LClique/node2;LClique/node2;Z)LClique/node2;+4430
j  Clique.graph.New_Bochert(LClique/node2;ILClique/node2;LClique/node2;LClique/node2;Z)LClique/node2;+4430
j  Clique.graph.New_Bochert(LClique/node2;ILClique/node2;LClique/node2;LClique/node2;Z)LClique/node2;+4430
j  Clique.graph.New_Bochert(LClique/node2;ILClique/node2;LClique/node2;LClique/node2;Z)LClique/node2;+4430
j  Clique.graph.New_Bochert(LClique/node2;ILClique/node2;LClique/node2;LClique/node2;Z)LClique/node2;+4430
j  Clique.graph.New_Bochert(LClique/node2;ILClique/node2;LClique/node2;LClique/node2;Z)LClique/node2;+4430
j  Clique.graph.New_Bochert(LClique/node2;ILClique/node2;LClique/node2;LClique/node2;Z)LClique/node2;+4430
j  Clique.graph.New_Bochert(LClique/node2;ILClique/node2;LClique/node2;LClique/node2;Z)LClique/node2;+4430
j  Clique.graph.New_Bochert(LClique/node2;ILClique/node2;LClique/node2;LClique/node2;Z)LClique/node2;+4430
j  Clique.graph.New_Bochert(LClique/node2;ILClique/node2;LClique/node2;LClique/node2;Z)LClique/node2;+4430
j  Clique.graph.New_Bochert(LClique/node2;ILClique/node2;LClique/node2;LClique/node2;Z)LClique/node2;+4430
j  Clique.graph.New_Bochert(LClique/node2;ILClique/node2;LClique/node2;LClique/node2;Z)LClique/node2;+4430
j  Clique.graph.New_Bochert(LClique/node2;ILClique/node2;LClique/node2;LClique/node2;Z)LClique/node2;+4430
j  Clique.graph.New_Bochert(LClique/node2;ILClique/node2;LClique/node2;LClique/node2;Z)LClique/node2;+4430
j  Clique.graph.New_Bochert(LClique/node2;ILClique/node2;LClique/node2;LClique/node2;Z)LClique/node2;+4430
j  Clique.graph.New_Bochert(LClique/node2;ILClique/node2;LClique/node2;LClique/node2;Z)LClique/node2;+4430
j  Clique.graph.New_Bochert(LClique/node2;ILClique/node2;LClique/node2;LClique/node2;Z)LClique/node2;+4430
j  Clique.graph.New_Bochert(LClique/node2;ILClique/node2;LClique/node2;LClique/node2;Z)LClique/node2;+4430
j  Clique.graph.New_Bochert(LClique/node2;ILClique/node2;LClique/node2;LClique/node2;Z)LClique/node2;+4430
j  Clique.graph.New_Bochert(LClique/node2;ILClique/node2;LClique/node2;LClique/node2;Z)LClique/node2;+4430
j  Clique.graph.New_Bochert(LClique/node2;ILClique/node2;LClique/node2;LClique/node2;Z)LClique/node2;+4430
j  Clique.graph.New_Bochert(LClique/node2;ILClique/node2;LClique/node2;LClique/node2;Z)LClique/node2;+4430
j  Clique.graph.New_Bochert(LClique/node2;ILClique/node2;LClique/node2;LClique/node2;Z)LClique/node2;+4430
j  Clique.graph.New_Bochert(LClique/node2;ILClique/node2;LClique/node2;LClique/node2;Z)LClique/node2;+4430
j  Clique.graph.New_Bochert(LClique/node2;ILClique/node2;LClique/node2;LClique/node2;Z)LClique/node2;+4430
j  Clique.graph.New_Bochert(LClique/node2;ILClique/node2;LClique/node2;LClique/node2;Z)LClique/node2;+4430
j  Clique.graph.New_Bochert(LClique/node2;ILClique/node2;LClique/node2;LClique/node2;Z)LClique/node2;+4430
j  Clique.graph.New_Bochert(LClique/node2;ILClique/node2;LClique/node2;LClique/node2;Z)LClique/node2;+4430
j  Clique.graph.New_Bochert(LClique/node2;ILClique/node2;LClique/node2;LClique/node2;Z)LClique/node2;+4430
j  Clique.graph.New_Bochert(LClique/node2;ILClique/node2;LClique/node2;LClique/node2;Z)LClique/node2;+4430
j  Clique.graph.New_Bochert(LClique/node2;ILClique/node2;LClique/node2;LClique/node2;Z)LClique/node2;+4430
j  Clique.graph.New_Bochert(LClique/node2;ILClique/node2;LClique/node2;LClique/node2;Z)LClique/node2;+4430
j  Clique.graph.New_Bochert(LClique/node2;ILClique/node2;LClique/node2;LClique/node2;Z)LClique/node2;+4430
j  Clique.graph.New_Bochert(LClique/node2;ILClique/node2;LClique/node2;LClique/node2;Z)LClique/node2;+4430
j  Clique.graph.New_Bochert(LClique/node2;ILClique/node2;LClique/node2;LClique/node2;Z)LClique/node2;+4430
j  Clique.graph.New_Bochert(LClique/node2;ILClique/node2;LClique/node2;LClique/node2;Z)LClique/node2;+4430
j  Clique.graph.New_Bochert(LClique/node2;ILClique/node2;LClique/node2;LClique/node2;Z)LClique/node2;+4430
j  Clique.graph.New_Bochert(LClique/node2;ILClique/node2;LClique/node2;LClique/node2;Z)LClique/node2;+4430
j  Clique.graph.New_Bochert(LClique/node2;ILClique/node2;LClique/node2;LClique/node2;Z)LClique/node2;+4430
j  Clique.graph.New_Bochert(LClique/node2;ILClique/node2;LClique/node2;LClique/node2;Z)LClique/node2;+4430
j  Clique.graph.New_Bochert(LClique/node2;ILClique/node2;LClique/node2;LClique/node2;Z)LClique/node2;+4430
j  Clique.graph.New_Bochert(LClique/node2;ILClique/node2;LClique/node2;LClique/node2;Z)LClique/node2;+4430
j  Clique.graph.New_Bochert(LClique/node2;ILClique/node2;LClique/node2;LClique/node2;Z)LClique/node2;+4430
j  Clique.graph.New_Bochert(LClique/node2;ILClique/node2;LClique/node2;LClique/node2;Z)LClique/node2;+4430
j  Clique.graph.New_Bochert(LClique/node2;ILClique/node2;LClique/node2;LClique/node2;Z)LClique/node2;+4430
j  Clique.graph.New_Bochert(LClique/node2;ILClique/node2;LClique/node2;LClique/node2;Z)LClique/node2;+4430
j  Clique.graph.New_Bochert(LClique/node2;ILClique/node2;LClique/node2;LClique/node2;Z)LClique/node2;+4430
j  Clique.graph.New_Bochert(LClique/node2;ILClique/node2;LClique/node2;LClique/node2;Z)LClique/node2;+4430
j  Clique.graph.New_Bochert(LClique/node2;ILClique/node2;LClique/node2;LClique/node2;Z)LClique/node2;+4430
j  Clique.graph.New_Bochert(LClique/node2;ILClique/node2;LClique/node2;LClique/node2;Z)LClique/node2;+4430
j  Clique.graph.New_Bochert(LClique/node2;ILClique/node2;LClique/node2;LClique/node2;Z)LClique/node2;+4430
j  Clique.graph.New_Bochert(LClique/node2;ILClique/node2;LClique/node2;LClique/node2;Z)LClique/node2;+4430
j  Clique.graph.New_Bochert(LClique/node2;ILClique/node2;LClique/node2;LClique/node2;Z)LClique/node2;+4430
j  Clique.graph.New_Bochert(LClique/node2;ILClique/node2;LClique/node2;LClique/node2;Z)LClique/node2;+4430
j  Clique.graph.New_Bochert(LClique/node2;ILClique/node2;LClique/node2;LClique/node2;Z)LClique/node2;+4430
j  Clique.graph.New_Bochert(LClique/node2;ILClique/node2;LClique/node2;LClique/node2;Z)LClique/node2;+4430
j  Clique.graph.New_Bochert(LClique/node2;ILClique/node2;LClique/node2;LClique/node2;Z)LClique/node2;+4430
j  Clique.graph.New_Bochert(LClique/node2;ILClique/node2;LClique/node2;LClique/node2;Z)LClique/node2;+4430
j  Clique.graph.New_Bochert(LClique/node2;ILClique/node2;LClique/node2;LClique/node2;Z)LClique/node2;+4430
j  Clique.graph.New_Bochert(LClique/node2;ILClique/node2;LClique/node2;LClique/node2;Z)LClique/node2;+4430
j  Clique.graph.New_Bochert(LClique/node2;ILClique/node2;LClique/node2;LClique/node2;Z)LClique/node2;+4430
j  Clique.graph.New_Bochert(LClique/node2;ILClique/node2;LClique/node2;LClique/node2;Z)LClique/node2;+4430
j  Clique.graph.New_Bochert(LClique/node2;ILClique/node2;LClique/node2;LClique/node2;Z)LClique/node2;+4430
j  Clique.graph.New_Bochert(LClique/node2;ILClique/node2;LClique/node2;LClique/node2;Z)LClique/node2;+4430
j  Clique.graph.New_Bochert(LClique/node2;ILClique/node2;LClique/node2;LClique/node2;Z)LClique/node2;+4430
j  Clique.graph.New_Bochert(LClique/node2;ILClique/node2;LClique/node2;LClique/node2;Z)LClique/node2;+4430
j  Clique.graph.New_Bochert(LClique/node2;ILClique/node2;LClique/node2;LClique/node2;Z)LClique/node2;+4430
j  Clique.graph.New_Bochert(LClique/node2;ILClique/node2;LClique/node2;LClique/node2;Z)LClique/node2;+4430
j  Clique.graph.New_Bochert(LClique/node2;ILClique/node2;LClique/node2;LClique/node2;Z)LClique/node2;+4430
j  Clique.graph.New_Bochert(LClique/node2;ILClique/node2;LClique/node2;LClique/node2;Z)LClique/node2;+4430
j  Clique.graph.New_Bochert(LClique/node2;ILClique/node2;LClique/node2;LClique/node2;Z)LClique/node2;+4430
j  Clique.graph.New_Bochert(LClique/node2;ILClique/node2;LClique/node2;LClique/node2;Z)LClique/node2;+4430
j  Clique.graph.New_Bochert(LClique/node2;ILClique/node2;LClique/node2;LClique/node2;Z)LClique/node2;+4430
j  Clique.graph.New_Bochert(LClique/node2;ILClique/node2;LClique/node2;LClique/node2;Z)LClique/node2;+4430
j  Clique.graph.New_Bochert(LClique/node2;ILClique/node2;LClique/node2;LClique/node2;Z)LClique/node2;+4430
j  Clique.graph.New_Bochert(LClique/node2;ILClique/node2;LClique/node2;LClique/node2;Z)LClique/node2;+4430
j  Clique.graph.New_Bochert(LClique/node2;ILClique/node2;LClique/node2;LClique/node2;Z)LClique/node2;+4430
j  Clique.graph.New_Bochert(LClique/node2;ILClique/node2;LClique/node2;LClique/node2;Z)LClique/node2;+4430
j  Clique.graph.New_Bochert(LClique/node2;ILClique/node2;LClique/node2;LClique/node2;Z)LClique/node2;+4430
j  Clique.graph.New_Bochert(LClique/node2;ILClique/node2;LClique/node2;LClique/node2;Z)LClique/node2;+4430
j  Clique.graph.New_Bochert(LClique/node2;ILClique/node2;LClique/node2;LClique/node2;Z)LClique/node2;+4430
j  Clique.graph.New_Bochert(LClique/node2;ILClique/node2;LClique/node2;LClique/node2;Z)LClique/node2;+4430
j  Clique.graph.New_Bochert(LClique/node2;ILClique/node2;LClique/node2;LClique/node2;Z)LClique/node2;+4430
j  Clique.graph.New_Bochert(LClique/node2;ILClique/node2;LClique/node2;LClique/node2;Z)LClique/node2;+4430
j  Clique.graph.New_Bochert(LClique/node2;ILClique/node2;LClique/node2;LClique/node2;Z)LClique/node2;+4430
j  Clique.graph.New_Bochert(LClique/node2;ILClique/node2;LClique/node2;LClique/node2;Z)LClique/node2;+4430
j  Clique.graph.New_Bochert(LClique/node2;ILClique/node2;LClique/node2;LClique/node2;Z)LClique/node2;+4430
j  Clique.graph.New_Bochert(LClique/node2;ILClique/node2;LClique/node2;LClique/node2;Z)LClique/node2;+4430
j  Clique.graph.New_Bochert(LClique/node2;ILClique/node2;LClique/node2;LClique/node2;Z)LClique/node2;+4430
j  Clique.graph.New_Bochert(LClique/node2;ILClique/node2;LClique/node2;LClique/node2;Z)LClique/node2;+4430
j  Clique.graph.New_Bochert(LClique/node2;ILClique/node2;LClique/node2;LClique/node2;Z)LClique/node2;+4430
j  Clique.graph.New_Bochert(LClique/node2;ILClique/node2;LClique/node2;LClique/node2;Z)LClique/node2;+4430
j  Clique.graph.New_Bochert(LClique/node2;ILClique/node2;LClique/node2;LClique/node2;Z)LClique/node2;+4430
j  Clique.graph.New_Bochert(LClique/node2;ILClique/node2;LClique/node2;LClique/node2;Z)LClique/node2;+4430
j  Clique.graph.New_Bochert(LClique/node2;ILClique/node2;LClique/node2;LClique/node2;Z)LClique/node2;+4430
j  Clique.graph.New_Bochert(LClique/node2;ILClique/node2;LClique/node2;LClique/node2;Z)LClique/node2;+4430
j  Clique.graph.New_Bochert(LClique/node2;ILClique/node2;LClique/node2;LClique/node2;Z)LClique/node2;+4430
j  Clique.graph.New_Bochert(LClique/node2;ILClique/node2;LClique/node2;LClique/node2;Z)LClique/node2;+4430
j  Clique.graph.New_Bochert(LClique/node2;ILClique/node2;LClique/node2;LClique/node2;Z)LClique/node2;+4430
j  Clique.graph.New_Bochert(LClique/node2;ILClique/node2;LClique/node2;LClique/node2;Z)LClique/node2;+4430
j  Clique.graph.New_Bochert(LClique/node2;ILClique/node2;LClique/node2;LClique/node2;Z)LClique/node2;+4430
j  Clique.graph.New_Bochert(LClique/node2;ILClique/node2;LClique/node2;LClique/node2;Z)LClique/node2;+4430
j  Clique.graph.New_Bochert(LClique/node2;ILClique/node2;LClique/node2;LClique/node2;Z)LClique/node2;+4430
j  Clique.graph.New_Bochert(LClique/node2;ILClique/node2;LClique/node2;LClique/node2;Z)LClique/node2;+4430
j  Clique.graph.New_Bochert(LClique/node2;ILClique/node2;LClique/node2;LClique/node2;Z)LClique/node2;+4430
j  Clique.graph.New_Bochert(LClique/node2;ILClique/node2;LClique/node2;LClique/node2;Z)LClique/node2;+4430
j  Clique.graph.New_Bochert(LClique/node2;ILClique/node2;LClique/node2;LClique/node2;Z)LClique/node2;+4430
j  Clique.graph.New_Bochert(LClique/node2;ILClique/node2;LClique/node2;LClique/node2;Z)LClique/node2;+4430
j  Clique.graph.New_Bochert(LClique/node2;ILClique/node2;LClique/node2;LClique/node2;Z)LClique/node2;+4430
j  Clique.graph.New_Bochert(LClique/node2;ILClique/node2;LClique/node2;LClique/node2;Z)LClique/node2;+4430
j  Clique.graph.New_Bochert(LClique/node2;ILClique/node2;LClique/node2;LClique/node2;Z)LClique/node2;+4430
j  Clique.graph.New_Bochert(LClique/node2;ILClique/node2;LClique/node2;LClique/node2;Z)LClique/node2;+4430
j  Clique.graph.New_Bochert(LClique/node2;ILClique/node2;LClique/node2;LClique/node2;Z)LClique/node2;+4430
j  Clique.graph.New_Bochert(LClique/node2;ILClique/node2;LClique/node2;LClique/node2;Z)LClique/node2;+4430
j  Clique.graph.New_Bochert(LClique/node2;ILClique/node2;LClique/node2;LClique/node2;Z)LClique/node2;+4430
j  Clique.graph.New_Bochert(LClique/node2;ILClique/node2;LClique/node2;LClique/node2;Z)LClique/node2;+4430
j  Clique.graph.New_Bochert(LClique/node2;ILClique/node2;LClique/node2;LClique/node2;Z)LClique/node2;+4430
j  Clique.graph.New_Bochert(LClique/node2;ILClique/node2;LClique/node2;LClique/node2;Z)LClique/node2;+4430
j  Clique.graph.New_Bochert(LClique/node2;ILClique/node2;LClique/node2;LClique/node2;Z)LClique/node2;+4430
j  Clique.graph.New_Bochert(LClique/node2;ILClique/node2;LClique/node2;LClique/node2;Z)LClique/node2;+4430
j  Clique.graph.New_Bochert(LClique/node2;ILClique/node2;LClique/node2;LClique/node2;Z)LClique/node2;+4430
j  Clique.graph.New_Bochert(LClique/node2;ILClique/node2;LClique/node2;LClique/node2;Z)LClique/node2;+4430
j  Clique.graph.New_Bochert(LClique/node2;ILClique/node2;LClique/node2;LClique/node2;Z)LClique/node2;+4430
j  Clique.graph.pre_New_Bochert(Z)[I+134
j  Clique.graph.main([Ljava/lang/String;)V+1784
v  ~StubRoutines::call_stub

---------------  P R O C E S S  ---------------

Java Threads: ( => current thread )
  0x000000000689f800 JavaThread "Service Thread" daemon [_thread_blocked, id=1484, stack(0x0000000007080000,0x0000000007180000)]
  0x000000000689e000 JavaThread "C2 CompilerThread1" daemon [_thread_in_native, id=2776, stack(0x0000000007790000,0x0000000007890000)]
  0x000000000688a800 JavaThread "C2 CompilerThread0" daemon [_thread_blocked, id=480, stack(0x0000000007690000,0x0000000007790000)]
  0x0000000006889800 JavaThread "Attach Listener" daemon [_thread_blocked, id=4040, stack(0x00000000072e0000,0x00000000073e0000)]
  0x0000000006888800 JavaThread "Signal Dispatcher" daemon [_thread_blocked, id=2972, stack(0x0000000007550000,0x0000000007650000)]
  0x0000000006801000 JavaThread "Finalizer" daemon [_thread_blocked, id=3456, stack(0x0000000007400000,0x0000000007500000)]
  0x00000000067f4800 JavaThread "Reference Handler" daemon [_thread_blocked, id=3692, stack(0x00000000071b0000,0x00000000072b0000)]
=>0x000000000227b000 JavaThread "main" [_thread_in_native, id=3432, stack(0x0000000002550000,0x0000000002650000)]

Other Threads:
  0x00000000067ef000 VMThread [stack: 0x0000000006f40000,0x0000000007040000] [id=776]
  0x00000000068b9000 WatcherThread [stack: 0x0000000007a50000,0x0000000007b50000] [id=3388]

VM state:not at safepoint (normal execution)

VM Mutex/Monitor currently owned by a thread: None

Heap
 PSYoungGen      total 38208K, used 27313K [0x00000007d5600000, 0x00000007d80a0000, 0x0000000800000000)
  eden space 32768K, 83% used [0x00000007d5600000,0x00000007d70ac7d8,0x00000007d7600000)
  from space 5440K, 0% used [0x00000007d7b50000,0x00000007d7b50000,0x00000007d80a0000)
  to   space 5440K, 0% used [0x00000007d7600000,0x00000007d7600000,0x00000007d7b50000)
 PSOldGen        total 87296K, used 0K [0x0000000780200000, 0x0000000785740000, 0x00000007d5600000)
  object space 87296K, 0% used [0x0000000780200000,0x0000000780200000,0x0000000785740000)
 PSPermGen       total 21248K, used 3085K [0x000000077b000000, 0x000000077c4c0000, 0x0000000780200000)
  object space 21248K, 14% used [0x000000077b000000,0x000000077b303420,0x000000077c4c0000)

Code Cache  [0x0000000002650000, 0x00000000028c0000, 0x0000000005650000)
 total_blobs=253 nmethods=38 adapters=168 free_code_cache=48663Kb largest_free_block=49798336

Dynamic libraries:
0x000000013f270000 - 0x000000013f2a3000 	C:\Program Files\Java\jre7\bin\javaw.exe
0x0000000077350000 - 0x00000000774f9000 	C:\Windows\SYSTEM32\ntdll.dll
0x0000000077020000 - 0x000000007713f000 	C:\Windows\system32\kernel32.dll
0x000007fefdab0000 - 0x000007fefdb1c000 	C:\Windows\system32\KERNELBASE.dll
0x000007fefdfd0000 - 0x000007fefe0ab000 	C:\Windows\system32\ADVAPI32.dll
0x000007fefdf30000 - 0x000007fefdfcf000 	C:\Windows\system32\msvcrt.dll
0x000007fefe5e0000 - 0x000007fefe5ff000 	C:\Windows\SYSTEM32\sechost.dll
0x000007fefdd90000 - 0x000007fefdebd000 	C:\Windows\system32\RPCRT4.dll
0x0000000076f20000 - 0x000000007701a000 	C:\Windows\system32\USER32.dll
0x000007fefdec0000 - 0x000007fefdf27000 	C:\Windows\system32\GDI32.dll
0x000007fefe290000 - 0x000007fefe29e000 	C:\Windows\system32\LPK.dll
0x000007feff590000 - 0x000007feff659000 	C:\Windows\system32\USP10.dll
0x000007fefc1f0000 - 0x000007fefc3e4000 	C:\Windows\WinSxS\amd64_microsoft.windows.common-controls_6595b64144ccf1df_6.0.7601.17514_none_fa396087175ac9ac\COMCTL32.dll
0x000007fefe6e0000 - 0x000007fefe751000 	C:\Windows\system32\SHLWAPI.dll
0x000007fefe560000 - 0x000007fefe58e000 	C:\Windows\system32\IMM32.DLL
0x000007fefe350000 - 0x000007fefe459000 	C:\Windows\system32\MSCTF.dll
0x0000000072010000 - 0x00000000720e1000 	C:\Program Files\Java\jre7\bin\msvcr100.dll
0x00000000702a0000 - 0x000000007097a000 	C:\Program Files\Java\jre7\bin\server\jvm.dll
0x000007fef1550000 - 0x000007fef1559000 	C:\Windows\system32\WSOCK32.dll
0x000007fefe590000 - 0x000007fefe5dd000 	C:\Windows\system32\WS2_32.dll
0x000007fefe340000 - 0x000007fefe348000 	C:\Windows\system32\NSI.dll
0x000007fefa890000 - 0x000007fefa8cb000 	C:\Windows\system32\WINMM.dll
0x0000000077510000 - 0x0000000077517000 	C:\Windows\system32\PSAPI.DLL
0x00000000729d0000 - 0x00000000729df000 	C:\Program Files\Java\jre7\bin\verify.dll
0x0000000071fa0000 - 0x0000000071fc8000 	C:\Program Files\Java\jre7\bin\java.dll
0x0000000072570000 - 0x0000000072585000 	C:\Program Files\Java\jre7\bin\zip.dll
0x000007fef4ee0000 - 0x000007fef4f2a000 	C:\Users\John\AppData\Local\Temp\JOCL_0_1_7-windows-x86_64.dll
0x0000000180000000 - 0x0000000180014000 	C:\Windows\system32\OpenCL.dll
0x0000000008050000 - 0x00000000087d1000 	C:\Windows\system32\nvcuda.dll
0x000007fefe0b0000 - 0x000007fefe287000 	C:\Windows\system32\SETUPAPI.dll
0x000007fefdb20000 - 0x000007fefdb56000 	C:\Windows\system32\CFGMGR32.dll
0x000007fefe600000 - 0x000007fefe6d7000 	C:\Windows\system32\OLEAUT32.dll
0x000007fefdb80000 - 0x000007fefdd83000 	C:\Windows\system32\ole32.dll
0x000007fefdb60000 - 0x000007fefdb7a000 	C:\Windows\system32\DEVOBJ.dll
0x000007fefe800000 - 0x000007feff588000 	C:\Windows\system32\SHELL32.dll
0x000007fefa250000 - 0x000007fefa522000 	C:\Windows\system32\nvapi64.dll
0x000007fefcc20000 - 0x000007fefcc2c000 	C:\Windows\system32\VERSION.dll
0x000007fefd860000 - 0x000007fefd89a000 	C:\Windows\system32\WINTRUST.dll
0x000007fefd940000 - 0x000007fefdaa7000 	C:\Windows\system32\CRYPT32.dll
0x000007fefd850000 - 0x000007fefd85f000 	C:\Windows\system32\MSASN1.dll
0x000007fef9550000 - 0x000007fef9675000 	C:\Windows\system32\dbghelp.dll

VM Arguments:
jvm_args: -Dfile.encoding=Cp1252 
java_command: Clique.graph
Launcher Type: SUN_STANDARD

Environment Variables:
PATH=D:\Program Files\NVIDIA GPU Computing Toolkit\CUDA\v4.0\bin\;C:\Program Files (x86)\NVIDIA Corporation\PhysX\Common;C:\Windows\system32;C:\Windows;C:\Windows\System32\Wbem;C:\Windows\System32\WindowsPowerShell\v1.0\;D:\Program Files\NVIDIA Corporation\NVIDIA GPU Computing SDK 4.0\C\common\bin
USERNAME=John
OS=Windows_NT
PROCESSOR_IDENTIFIER=AMD64 Family 16 Model 10 Stepping 0, AuthenticAMD



---------------  S Y S T E M  ---------------

OS: Windows 7 , 64 bit Build 7601 Service Pack 1

CPU:total 6 (6 cores per cpu, 1 threads per core) family 16 model 10 stepping 0, cmov, cx8, fxsr, mmx, sse, sse2, sse3, popcnt, mmxext, 3dnowpref, lzcnt, sse4a

Memory: 4k page, physical 8380168k(6055028k free), swap 16758488k(14225920k free)

vm_info: Java HotSpot(TM) 64-Bit Server VM (22.0-b10) for windows-amd64 JRE (1.7.0_02-b13), built on Nov 17 2011 13:51:15 by "java_re" with unknown MS VC++:1600

time: Tue Jan 10 19:29:43 2012
elapsed time: 0 seconds

