#
# A fatal error has been detected by the Java Runtime Environment:
#
#  EXCEPTION_ACCESS_VIOLATION (0xc0000005) at pc=0x0000000000000000, pid=1836, tid=4024
#
# JRE version: 7.0_02-b13
# Java VM: Java HotSpot(TM) 64-Bit Server VM (22.0-b10 mixed mode windows-amd64 compressed oops)
# Problematic frame:
# C  0x0000000000000000
#
# Failed to write core dump. Minidumps are not enabled by default on client versions of Windows
#
# If you would like to submit a bug report, please visit:
#   http://bugreport.sun.com/bugreport/crash.jsp
# The crash happened outside the Java Virtual Machine in native code.
# See problematic frame for where to report the bug.
#

---------------  T H R E A D  ---------------

Current thread (0x0000000001cfb000):  JavaThread "main" [_thread_in_native, id=4024, stack(0x0000000002510000,0x0000000002610000)]

siginfo: ExceptionCode=0xc0000005, ExceptionInformation=0x0000000000000008 0x0000000000000000

Registers:
RAX=0x000000000a02ebc0, RBX=0x000000077b2a4f38, RCX=0x000000000a029dc0, RDX=0x000000000260f240
RSP=0x000000000260f1a8, RBP=0x000000000260f220, RSI=0x00000000ef65778e, RDI=0x00000000026161b4
R8 =0x0000000000000042, R9 =0x00000007d56d4020, R10=0x0000000000000000, R11=0x000000007090e0f0
R12=0x0000000000000000, R13=0x000000077b2a4f38, R14=0x000000000260f240, R15=0x0000000001cfb000
RIP=0x0000000000000000, EFLAGS=0x0000000000010202

Top of Stack: (sp=0x000000000260f1a8)
0x000000000260f1a8:   00000000026221e9 000000077b2a4f38
0x000000000260f1b8:   000000077b2b0938 0000000000000000
0x000000000260f1c8:   000000077b29e7b8 0000000000000000
0x000000000260f1d8:   000000000260f1f0 000000000260f1e0
0x000000000260f1e8:   0000000000000000 000000000260f240
0x000000000260f1f8:   000000077b2b0938 0000000000000000
0x000000000260f208:   000000077b2a4f38 0000000000000000
0x000000000260f218:   000000000260f240 000000000260f288
0x000000000260f228:   00000000026161b4 00000007d5692d90
0x000000000260f238:   000000000261f016 00000007d56d4020
0x000000000260f248:   000000000260f248 000000077b2a4e49
0x000000000260f258:   000000000260f298 000000077b2b0938
0x000000000260f268:   0000000000000000 000000077b2a4e68
0x000000000260f278:   000000000260f240 000000000260f298
0x000000000260f288:   000000000260f2e0 00000000026161b4
0x000000000260f298:   00000007d56d4020 000000000260f2a0 

Instructions: (pc=0x0000000000000000)
0xffffffffffffffe0:   


Register to memory mapping:

RAX=0x000000000a02ebc0 is an unknown value
RBX=0x000000077b2a4f38 is an oop
{method} 
 - klass: {other class}
RCX=0x000000000a029dc0 is an unknown value
RDX=0x000000000260f240 is pointing into the stack for thread: 0x0000000001cfb000
RSP=0x000000000260f1a8 is pointing into the stack for thread: 0x0000000001cfb000
RBP=0x000000000260f220 is pointing into the stack for thread: 0x0000000001cfb000
RSI=0x00000000ef65778e is an unknown value
RDI=0x00000000026161b4 is an Interpreter codelet
return entry points  [0x0000000002615660, 0x0000000002617460]  7680 bytes
R8 =0x0000000000000042 is an unknown value
R9 =0x00000007d56d4020 is an oop
org.jocl.cl_mem 
 - klass: 'org/jocl/cl_mem'
R10=0x0000000000000000 is an unknown value
R11=0x000000007090e0f0 is an unknown value
R12=0x0000000000000000 is an unknown value
R13=0x000000077b2a4f38 is an oop
{method} 
 - klass: {other class}
R14=0x000000000260f240 is pointing into the stack for thread: 0x0000000001cfb000
R15=0x0000000001cfb000 is a thread


Stack: [0x0000000002510000,0x0000000002610000],  sp=0x000000000260f1a8,  free space=1020k
Java frames: (J=compiled Java code, j=interpreted, Vv=VM code)
j  org.jocl.CL.clReleaseMemObjectNative(Lorg/jocl/cl_mem;)I+0
j  org.jocl.CL.clReleaseMemObject(Lorg/jocl/cl_mem;)I+1
j  Clique.gpu.run_it(LClique/node2;)V+322
j  Clique.gpu.main([Ljava/lang/String;)V+782
v  ~StubRoutines::call_stub

---------------  P R O C E S S  ---------------

Java Threads: ( => current thread )
  0x00000000069c3000 JavaThread "Service Thread" daemon [_thread_blocked, id=3620, stack(0x0000000007c30000,0x0000000007d30000)]
  0x00000000069c1800 JavaThread "C2 CompilerThread1" daemon [_thread_blocked, id=2152, stack(0x0000000007a40000,0x0000000007b40000)]
  0x00000000069bc800 JavaThread "C2 CompilerThread0" daemon [_thread_blocked, id=1756, stack(0x00000000078d0000,0x00000000079d0000)]
  0x00000000069bb800 JavaThread "Attach Listener" daemon [_thread_blocked, id=4056, stack(0x00000000076b0000,0x00000000077b0000)]
  0x00000000069bb000 JavaThread "Signal Dispatcher" daemon [_thread_blocked, id=4028, stack(0x0000000007440000,0x0000000007540000)]
  0x0000000006936000 JavaThread "Finalizer" daemon [_thread_blocked, id=3372, stack(0x0000000007340000,0x0000000007440000)]
  0x0000000006927800 JavaThread "Reference Handler" daemon [_thread_blocked, id=2744, stack(0x0000000007220000,0x0000000007320000)]
=>0x0000000001cfb000 JavaThread "main" [_thread_in_native, id=4024, stack(0x0000000002510000,0x0000000002610000)]

Other Threads:
  0x0000000006922000 VMThread [stack: 0x0000000007030000,0x0000000007130000] [id=3564]
  0x00000000069d6000 WatcherThread [stack: 0x0000000007df0000,0x0000000007ef0000] [id=3100]

VM state:not at safepoint (normal execution)

VM Mutex/Monitor currently owned by a thread: None

Heap
 PSYoungGen      total 38208K, used 1310K [0x00000007d5600000, 0x00000007d80a0000, 0x0000000800000000)
  eden space 32768K, 4% used [0x00000007d5600000,0x00000007d5747b98,0x00000007d7600000)
  from space 5440K, 0% used [0x00000007d7b50000,0x00000007d7b50000,0x00000007d80a0000)
  to   space 5440K, 0% used [0x00000007d7600000,0x00000007d7600000,0x00000007d7b50000)
 PSOldGen        total 87296K, used 0K [0x0000000780200000, 0x0000000785740000, 0x00000007d5600000)
  object space 87296K, 0% used [0x0000000780200000,0x0000000780200000,0x0000000785740000)
 PSPermGen       total 21248K, used 2996K [0x000000077b000000, 0x000000077c4c0000, 0x0000000780200000)
  object space 21248K, 14% used [0x000000077b000000,0x000000077b2ed048,0x000000077c4c0000)

Code Cache  [0x0000000002610000, 0x0000000002880000, 0x0000000005610000)
 total_blobs=199 nmethods=0 adapters=166 free_code_cache=48756Kb largest_free_block=49926464

Dynamic libraries:
0x000000013f9a0000 - 0x000000013f9d3000 	C:\Program Files\Java\jre7\bin\javaw.exe
0x0000000077350000 - 0x00000000774f9000 	C:\Windows\SYSTEM32\ntdll.dll
0x0000000077020000 - 0x000000007713f000 	C:\Windows\system32\kernel32.dll
0x000007fefdab0000 - 0x000007fefdb1c000 	C:\Windows\system32\KERNELBASE.dll
0x000007fefdfd0000 - 0x000007fefe0ab000 	C:\Windows\system32\ADVAPI32.dll
0x000007fefdf30000 - 0x000007fefdfcf000 	C:\Windows\system32\msvcrt.dll
0x000007fefe5e0000 - 0x000007fefe5ff000 	C:\Windows\SYSTEM32\sechost.dll
0x000007fefdd90000 - 0x000007fefdebd000 	C:\Windows\system32\RPCRT4.dll
0x0000000076f20000 - 0x000000007701a000 	C:\Windows\system32\USER32.dll
0x000007fefdec0000 - 0x000007fefdf27000 	C:\Windows\system32\GDI32.dll
0x000007fefe290000 - 0x000007fefe29e000 	C:\Windows\system32\LPK.dll
0x000007feff590000 - 0x000007feff659000 	C:\Windows\system32\USP10.dll
0x000007fefc1f0000 - 0x000007fefc3e4000 	C:\Windows\WinSxS\amd64_microsoft.windows.common-controls_6595b64144ccf1df_6.0.7601.17514_none_fa396087175ac9ac\COMCTL32.dll
0x000007fefe6e0000 - 0x000007fefe751000 	C:\Windows\system32\SHLWAPI.dll
0x000007fefe560000 - 0x000007fefe58e000 	C:\Windows\system32\IMM32.DLL
0x000007fefe350000 - 0x000007fefe459000 	C:\Windows\system32\MSCTF.dll
0x0000000072010000 - 0x00000000720e1000 	C:\Program Files\Java\jre7\bin\msvcr100.dll
0x00000000702a0000 - 0x000000007097a000 	C:\Program Files\Java\jre7\bin\server\jvm.dll
0x000007fef1550000 - 0x000007fef1559000 	C:\Windows\system32\WSOCK32.dll
0x000007fefe590000 - 0x000007fefe5dd000 	C:\Windows\system32\WS2_32.dll
0x000007fefe340000 - 0x000007fefe348000 	C:\Windows\system32\NSI.dll
0x000007fefa890000 - 0x000007fefa8cb000 	C:\Windows\system32\WINMM.dll
0x0000000077510000 - 0x0000000077517000 	C:\Windows\system32\PSAPI.DLL
0x00000000729d0000 - 0x00000000729df000 	C:\Program Files\Java\jre7\bin\verify.dll
0x0000000071fa0000 - 0x0000000071fc8000 	C:\Program Files\Java\jre7\bin\java.dll
0x0000000072570000 - 0x0000000072585000 	C:\Program Files\Java\jre7\bin\zip.dll
0x000007fef4320000 - 0x000007fef436a000 	C:\Users\John\AppData\Local\Temp\JOCL_0_1_7-windows-x86_64.dll
0x0000000180000000 - 0x0000000180014000 	C:\Windows\system32\OpenCL.dll
0x00000000080d0000 - 0x0000000008851000 	C:\Windows\system32\nvcuda.dll
0x000007fefe0b0000 - 0x000007fefe287000 	C:\Windows\system32\SETUPAPI.dll
0x000007fefdb20000 - 0x000007fefdb56000 	C:\Windows\system32\CFGMGR32.dll
0x000007fefe600000 - 0x000007fefe6d7000 	C:\Windows\system32\OLEAUT32.dll
0x000007fefdb80000 - 0x000007fefdd83000 	C:\Windows\system32\ole32.dll
0x000007fefdb60000 - 0x000007fefdb7a000 	C:\Windows\system32\DEVOBJ.dll
0x000007fefe800000 - 0x000007feff588000 	C:\Windows\system32\SHELL32.dll
0x000007fefa250000 - 0x000007fefa522000 	C:\Windows\system32\nvapi64.dll
0x000007fefcc20000 - 0x000007fefcc2c000 	C:\Windows\system32\VERSION.dll
0x000007fefd860000 - 0x000007fefd89a000 	C:\Windows\system32\WINTRUST.dll
0x000007fefd940000 - 0x000007fefdaa7000 	C:\Windows\system32\CRYPT32.dll
0x000007fefd850000 - 0x000007fefd85f000 	C:\Windows\system32\MSASN1.dll

VM Arguments:
jvm_args: -Dfile.encoding=Cp1252 
java_command: Clique.gpu
Launcher Type: SUN_STANDARD

Environment Variables:
PATH=D:\Program Files\NVIDIA GPU Computing Toolkit\CUDA\v4.0\bin\;C:\Program Files (x86)\NVIDIA Corporation\PhysX\Common;C:\Windows\system32;C:\Windows;C:\Windows\System32\Wbem;C:\Windows\System32\WindowsPowerShell\v1.0\;D:\Program Files\NVIDIA Corporation\NVIDIA GPU Computing SDK 4.0\C\common\bin
USERNAME=John
OS=Windows_NT
PROCESSOR_IDENTIFIER=AMD64 Family 16 Model 10 Stepping 0, AuthenticAMD



---------------  S Y S T E M  ---------------

OS: Windows 7 , 64 bit Build 7601 Service Pack 1

CPU:total 6 (6 cores per cpu, 1 threads per core) family 16 model 10 stepping 0, cmov, cx8, fxsr, mmx, sse, sse2, sse3, popcnt, mmxext, 3dnowpref, lzcnt, sse4a

Memory: 4k page, physical 8380168k(6338196k free), swap 16758488k(14519664k free)

vm_info: Java HotSpot(TM) 64-Bit Server VM (22.0-b10) for windows-amd64 JRE (1.7.0_02-b13), built on Nov 17 2011 13:51:15 by "java_re" with unknown MS VC++:1600

time: Tue Jan 10 16:42:56 2012
elapsed time: 0 seconds

